<?xml version="1.0" encoding="UTF-8"?>
<!-- Generated by org.testng.reporters.JUnitReportReporter -->
<testsuite hostname="DESKTOP-068JLVA" failures="0" tests="1" name="gmailLogin" time="29.606" errors="0" timestamp="2025-05-23T13:02:32 IST" skipped="0">
  <testcase classname="gmailLogin" name="Login" time="29.606"/>
</testsuite> <!-- gmailLogin -->
