<?xml version="1.0" encoding="UTF-8"?>
<!-- Generated by org.testng.reporters.JUnitReportReporter -->
<testsuite hostname="DESKTOP-068JLVA" failures="0" tests="1" name="parallelDemoTest.BypassCaptcha" time="80.047" errors="0" timestamp="2025-05-28T12:55:23 IST" skipped="0">
  <testcase classname="parallelDemoTest.BypassCaptcha" name="captcha" time="80.047"/>
</testsuite> <!-- parallelDemoTest.BypassCaptcha -->
