<?xml version="1.0" encoding="UTF-8"?>
<!-- Generated by org.testng.reporters.JUnitReportReporter -->
<testsuite hostname="DESKTOP-068JLVA" failures="0" tests="3" name="xmlPos" time="29.774" errors="0" timestamp="2025-05-23T13:02:32 IST" skipped="0">
  <testcase classname="xmlPos" name="Login" time="29.273"/>
  <testcase classname="xmlPos" name="readAndValidatePosXML" time="0.016"/>
  <testcase classname="xmlPos" name="validateEmailOrderSummary" time="0.485"/>
</testsuite> <!-- xmlPos -->
