<?xml version="1.0" encoding="UTF-8"?>
<!-- Generated by org.testng.reporters.JUnitReportReporter -->
<testsuite hostname="DESKTOP-9N3RLMN" failures="0" tests="1" name="ExtentReports.reportdemo" time="8.891" errors="0" timestamp="2024-09-17T13:06:46 IST" skipped="0">
  <testcase classname="ExtentReports.reportdemo" name="demo" time="8.891"/>
</testsuite> <!-- ExtentReports.reportdemo -->
