<?xml version="1.0" encoding="UTF-8"?>
<!-- Generated by org.testng.reporters.JUnitReportReporter -->
<testsuite hostname="DESKTOP-068JLVA" failures="0" tests="1" name="parallelDemoTest.BypassCaptcha" time="67.675" errors="0" timestamp="2025-05-29T12:21:00 IST" skipped="0">
  <testcase classname="parallelDemoTest.BypassCaptcha" name="captcha" time="67.675"/>
</testsuite> <!-- parallelDemoTest.BypassCaptcha -->
