<?xml version="1.0" encoding="UTF-8"?>
<!-- Generated by org.testng.reporters.JUnitReportReporter -->
<testsuite hostname="DESKTOP-068JLVA" failures="0" tests="1" name="base.BrowserAct" time="9.027" errors="0" timestamp="2025-05-29T12:22:17 IST" skipped="0">
  <testcase classname="base.BrowserAct" name="de" time="9.027"/>
</testsuite> <!-- base.BrowserAct -->
